0 info it worked if it ends with ok
1 verbose cli [ 'D:\\_WEB\\node6.2.2\\node.exe',
1 verbose cli   'D:\\_WEB\\node6.2.2\\node_modules\\npm\\bin\\npm-cli.js',
1 verbose cli   'install' ]
2 info using npm@3.9.5
3 info using node@v6.2.2
4 silly loadCurrentTree Starting
5 silly install loadCurrentTree
6 silly install readLocalPackageData
7 silly install normalizeTree
8 silly loadCurrentTree Finishing
9 silly loadIdealTree Starting
10 silly install loadIdealTree
11 silly cloneCurrentTree Starting
12 silly install cloneCurrentTreeToIdealTree
13 silly cloneCurrentTree Finishing
14 silly loadShrinkwrap Starting
15 silly install loadShrinkwrap
16 silly loadShrinkwrap Finishing
17 silly loadAllDepsIntoIdealTree Starting
18 silly install loadAllDepsIntoIdealTree
19 silly fetchNamedPackageData gulp
20 silly mapToRegistry name gulp
21 silly mapToRegistry using default registry
22 silly mapToRegistry registry https://registry.npmjs.org/
23 silly mapToRegistry data Result {
23 silly mapToRegistry   raw: 'gulp',
23 silly mapToRegistry   scope: null,
23 silly mapToRegistry   name: 'gulp',
23 silly mapToRegistry   rawSpec: '',
23 silly mapToRegistry   spec: 'latest',
23 silly mapToRegistry   type: 'tag' }
24 silly mapToRegistry uri https://registry.npmjs.org/gulp
25 verbose request uri https://registry.npmjs.org/gulp
26 verbose request no auth needed
27 info attempt registry request try #1 at 17:50:48
28 verbose request id 03967c668c4c2006
29 verbose etag "BQXV0YL65NCQS2M7281LVFDRK"
30 http request GET https://registry.npmjs.org/gulp
31 http 200 https://registry.npmjs.org/gulp
32 verbose headers { server: 'CouchDB/1.5.0 (Erlang OTP/R16B03)',
32 verbose headers   etag: '"CA5KDEG3BAGVDDCKL2UFI3735"',
32 verbose headers   'content-type': 'application/json',
32 verbose headers   'content-encoding': 'gzip',
32 verbose headers   'cache-control': 'max-age=300',
32 verbose headers   'content-length': '18773',
32 verbose headers   'accept-ranges': 'bytes',
32 verbose headers   date: 'Sun, 21 Aug 2016 14:50:50 GMT',
32 verbose headers   via: '1.1 varnish',
32 verbose headers   age: '157',
32 verbose headers   connection: 'keep-alive',
32 verbose headers   'x-served-by': 'cache-fra1222-FRA',
32 verbose headers   'x-cache': 'HIT',
32 verbose headers   'x-cache-hits': '2',
32 verbose headers   'x-timer': 'S1471791050.795586,VS0,VE0',
32 verbose headers   vary: 'Accept-Encoding' }
33 silly get cb [ 200,
33 silly get   { server: 'CouchDB/1.5.0 (Erlang OTP/R16B03)',
33 silly get     etag: '"CA5KDEG3BAGVDDCKL2UFI3735"',
33 silly get     'content-type': 'application/json',
33 silly get     'content-encoding': 'gzip',
33 silly get     'cache-control': 'max-age=300',
33 silly get     'content-length': '18773',
33 silly get     'accept-ranges': 'bytes',
33 silly get     date: 'Sun, 21 Aug 2016 14:50:50 GMT',
33 silly get     via: '1.1 varnish',
33 silly get     age: '157',
33 silly get     connection: 'keep-alive',
33 silly get     'x-served-by': 'cache-fra1222-FRA',
33 silly get     'x-cache': 'HIT',
33 silly get     'x-cache-hits': '2',
33 silly get     'x-timer': 'S1471791050.795586,VS0,VE0',
33 silly get     vary: 'Accept-Encoding' } ]
34 verbose get saving gulp to C:\Users\Администратор\AppData\Roaming\npm-cache\registry.npmjs.org\gulp\.cache.json
35 verbose correctMkdir C:\Users\Администратор\AppData\Roaming\npm-cache correctMkdir not in flight; initializing
36 silly fetchPackageMetaData Error: No compatible version found: gulp@^3.9.5
36 silly fetchPackageMetaData Valid install targets:
36 silly fetchPackageMetaData 3.9.1, 3.9.0, 3.8.11, 3.8.10, 3.8.9, 3.8.8, 3.8.7, 3.8.6, 3.8.5, 3.8.4, 3.8.3, 3.8.2, 3.8.1, 3.8.0, 3.7.0, 3.6.2, 3.6.1, 3.6.0, 3.5.6, 3.5.5, 3.5.2, 3.5.1, 3.5.0, 3.4.0, 3.3.4, 3.3.2, 3.3.1, 3.3.0, 3.2.5, 3.2.4, 3.2.3, 3.2.2, 3.2.1, 3.2.0, 3.1.4, 3.1.3, 3.1.2, 3.1.1, 3.0.0, 2.7.0, 2.6.1, 2.6.0, 2.4.1, 2.4.0, 2.3.0, 2.2.0, 2.1.0, 2.0.1, 2.0.0, 1.2.1, 1.2.0, 1.1.0, 1.0.0, 0.2.0, 0.1.0, 0.0.9, 0.0.8, 0.0.7, 0.0.5, 0.0.4, 0.0.3, 0.0.2, 0.0.1
36 silly fetchPackageMetaData
36 silly fetchPackageMetaData     at pickVersionFromRegistryDocument (D:\_WEB\node6.2.2\node_modules\npm\lib\fetch-package-metadata.js:170:16)
36 silly fetchPackageMetaData     at D:\_WEB\node6.2.2\node_modules\npm\node_modules\iferr\index.js:13:50
36 silly fetchPackageMetaData     at D:\_WEB\node6.2.2\node_modules\npm\lib\utils\pulse-till-done.js:19:8
36 silly fetchPackageMetaData     at saved (D:\_WEB\node6.2.2\node_modules\npm\lib\cache\caching-client.js:174:7)
36 silly fetchPackageMetaData     at D:\_WEB\node6.2.2\node_modules\npm\node_modules\graceful-fs\polyfills.js:210:7
36 silly fetchPackageMetaData     at FSReqWrap.oncomplete (fs.js:117:15)
36 silly fetchPackageMetaData  error for gulp@^3.9.5 Error: No compatible version found: gulp@^3.9.5
36 silly fetchPackageMetaData Valid install targets:
36 silly fetchPackageMetaData 3.9.1, 3.9.0, 3.8.11, 3.8.10, 3.8.9, 3.8.8, 3.8.7, 3.8.6, 3.8.5, 3.8.4, 3.8.3, 3.8.2, 3.8.1, 3.8.0, 3.7.0, 3.6.2, 3.6.1, 3.6.0, 3.5.6, 3.5.5, 3.5.2, 3.5.1, 3.5.0, 3.4.0, 3.3.4, 3.3.2, 3.3.1, 3.3.0, 3.2.5, 3.2.4, 3.2.3, 3.2.2, 3.2.1, 3.2.0, 3.1.4, 3.1.3, 3.1.2, 3.1.1, 3.0.0, 2.7.0, 2.6.1, 2.6.0, 2.4.1, 2.4.0, 2.3.0, 2.2.0, 2.1.0, 2.0.1, 2.0.0, 1.2.1, 1.2.0, 1.1.0, 1.0.0, 0.2.0, 0.1.0, 0.0.9, 0.0.8, 0.0.7, 0.0.5, 0.0.4, 0.0.3, 0.0.2, 0.0.1
36 silly fetchPackageMetaData
36 silly fetchPackageMetaData     at pickVersionFromRegistryDocument (D:\_WEB\node6.2.2\node_modules\npm\lib\fetch-package-metadata.js:170:16)
36 silly fetchPackageMetaData     at D:\_WEB\node6.2.2\node_modules\npm\node_modules\iferr\index.js:13:50
36 silly fetchPackageMetaData     at D:\_WEB\node6.2.2\node_modules\npm\lib\utils\pulse-till-done.js:19:8
36 silly fetchPackageMetaData     at saved (D:\_WEB\node6.2.2\node_modules\npm\lib\cache\caching-client.js:174:7)
36 silly fetchPackageMetaData     at D:\_WEB\node6.2.2\node_modules\npm\node_modules\graceful-fs\polyfills.js:210:7
36 silly fetchPackageMetaData     at FSReqWrap.oncomplete (fs.js:117:15)
37 silly rollbackFailedOptional Starting
38 silly rollbackFailedOptional Finishing
39 silly runTopLevelLifecycles Starting
40 silly runTopLevelLifecycles Finishing
41 silly install printInstalled
42 verbose stack Error: No compatible version found: gulp@^3.9.5
42 verbose stack Valid install targets:
42 verbose stack 3.9.1, 3.9.0, 3.8.11, 3.8.10, 3.8.9, 3.8.8, 3.8.7, 3.8.6, 3.8.5, 3.8.4, 3.8.3, 3.8.2, 3.8.1, 3.8.0, 3.7.0, 3.6.2, 3.6.1, 3.6.0, 3.5.6, 3.5.5, 3.5.2, 3.5.1, 3.5.0, 3.4.0, 3.3.4, 3.3.2, 3.3.1, 3.3.0, 3.2.5, 3.2.4, 3.2.3, 3.2.2, 3.2.1, 3.2.0, 3.1.4, 3.1.3, 3.1.2, 3.1.1, 3.0.0, 2.7.0, 2.6.1, 2.6.0, 2.4.1, 2.4.0, 2.3.0, 2.2.0, 2.1.0, 2.0.1, 2.0.0, 1.2.1, 1.2.0, 1.1.0, 1.0.0, 0.2.0, 0.1.0, 0.0.9, 0.0.8, 0.0.7, 0.0.5, 0.0.4, 0.0.3, 0.0.2, 0.0.1
42 verbose stack
42 verbose stack     at pickVersionFromRegistryDocument (D:\_WEB\node6.2.2\node_modules\npm\lib\fetch-package-metadata.js:170:16)
42 verbose stack     at D:\_WEB\node6.2.2\node_modules\npm\node_modules\iferr\index.js:13:50
42 verbose stack     at D:\_WEB\node6.2.2\node_modules\npm\lib\utils\pulse-till-done.js:19:8
42 verbose stack     at saved (D:\_WEB\node6.2.2\node_modules\npm\lib\cache\caching-client.js:174:7)
42 verbose stack     at D:\_WEB\node6.2.2\node_modules\npm\node_modules\graceful-fs\polyfills.js:210:7
42 verbose stack     at FSReqWrap.oncomplete (fs.js:117:15)
43 verbose cwd C:\Users\Администратор\antonkosarev.github.io\slider
44 error Windows_NT 6.1.7601
45 error argv "D:\\_WEB\\node6.2.2\\node.exe" "D:\\_WEB\\node6.2.2\\node_modules\\npm\\bin\\npm-cli.js" "install"
46 error node v6.2.2
47 error npm  v3.9.5
48 error No compatible version found: gulp@^3.9.5
48 error Valid install targets:
48 error 3.9.1, 3.9.0, 3.8.11, 3.8.10, 3.8.9, 3.8.8, 3.8.7, 3.8.6, 3.8.5, 3.8.4, 3.8.3, 3.8.2, 3.8.1, 3.8.0, 3.7.0, 3.6.2, 3.6.1, 3.6.0, 3.5.6, 3.5.5, 3.5.2, 3.5.1, 3.5.0, 3.4.0, 3.3.4, 3.3.2, 3.3.1, 3.3.0, 3.2.5, 3.2.4, 3.2.3, 3.2.2, 3.2.1, 3.2.0, 3.1.4, 3.1.3, 3.1.2, 3.1.1, 3.0.0, 2.7.0, 2.6.1, 2.6.0, 2.4.1, 2.4.0, 2.3.0, 2.2.0, 2.1.0, 2.0.1, 2.0.0, 1.2.1, 1.2.0, 1.1.0, 1.0.0, 0.2.0, 0.1.0, 0.0.9, 0.0.8, 0.0.7, 0.0.5, 0.0.4, 0.0.3, 0.0.2, 0.0.1
49 error If you need help, you may report this error at:
49 error     <https://github.com/npm/npm/issues>
50 verbose exit [ 1, true ]
